{"D:\\DOCUMENTOSHDD\\full-stack\\Cursos\\React - midudev\\notes-app-full-stack-bootcamp\\src\\App.js": {"path":"D:\\DOCUMENTOSHDD\\full-stack\\Cursos\\React - midudev\\notes-app-full-stack-bootcamp\\src\\App.js","statementMap":{"0":{"start":{"line":9,"column":12},"end":{"line":143,"column":1}},"1":{"start":{"line":10,"column":28},"end":{"line":10,"column":40}},"2":{"start":{"line":12,"column":32},"end":{"line":12,"column":46}},"3":{"start":{"line":13,"column":42},"end":{"line":13,"column":56}},"4":{"start":{"line":15,"column":34},"end":{"line":15,"column":46}},"5":{"start":{"line":16,"column":34},"end":{"line":16,"column":46}},"6":{"start":{"line":17,"column":26},"end":{"line":17,"column":40}},"7":{"start":{"line":19,"column":2},"end":{"line":25,"column":9}},"8":{"start":{"line":20,"column":4},"end":{"line":24,"column":9}},"9":{"start":{"line":23,"column":8},"end":{"line":23,"column":22}},"10":{"start":{"line":27,"column":2},"end":{"line":34,"column":8}},"11":{"start":{"line":28,"column":27},"end":{"line":28,"column":75}},"12":{"start":{"line":29,"column":4},"end":{"line":33,"column":5}},"13":{"start":{"line":30,"column":19},"end":{"line":30,"column":45}},"14":{"start":{"line":31,"column":6},"end":{"line":31,"column":20}},"15":{"start":{"line":32,"column":6},"end":{"line":32,"column":39}},"16":{"start":{"line":36,"column":23},"end":{"line":40,"column":3}},"17":{"start":{"line":37,"column":4},"end":{"line":37,"column":18}},"18":{"start":{"line":38,"column":4},"end":{"line":38,"column":31}},"19":{"start":{"line":39,"column":4},"end":{"line":39,"column":56}},"20":{"start":{"line":42,"column":18},"end":{"line":50,"column":3}},"21":{"start":{"line":43,"column":4},"end":{"line":43,"column":31}},"22":{"start":{"line":44,"column":4},"end":{"line":49,"column":9}},"23":{"start":{"line":47,"column":6},"end":{"line":47,"column":32}},"24":{"start":{"line":48,"column":8},"end":{"line":48,"column":51}},"25":{"start":{"line":48,"column":26},"end":{"line":48,"column":49}},"26":{"start":{"line":52,"column":29},"end":{"line":70,"column":3}},"27":{"start":{"line":53,"column":17},"end":{"line":53,"column":45}},"28":{"start":{"line":53,"column":33},"end":{"line":53,"column":44}},"29":{"start":{"line":54,"column":24},"end":{"line":54,"column":63}},"30":{"start":{"line":56,"column":4},"end":{"line":69,"column":8}},"31":{"start":{"line":59,"column":8},"end":{"line":59,"column":34}},"32":{"start":{"line":60,"column":8},"end":{"line":60,"column":73}},"33":{"start":{"line":60,"column":35},"end":{"line":60,"column":71}},"34":{"start":{"line":63,"column":8},"end":{"line":65,"column":9}},"35":{"start":{"line":66,"column":8},"end":{"line":68,"column":16}},"36":{"start":{"line":67,"column":10},"end":{"line":67,"column":31}},"37":{"start":{"line":72,"column":22},"end":{"line":97,"column":3}},"38":{"start":{"line":73,"column":4},"end":{"line":73,"column":26}},"39":{"start":{"line":75,"column":4},"end":{"line":95,"column":5}},"40":{"start":{"line":76,"column":27},"end":{"line":79,"column":8}},"41":{"start":{"line":81,"column":6},"end":{"line":83,"column":7}},"42":{"start":{"line":85,"column":6},"end":{"line":85,"column":38}},"43":{"start":{"line":87,"column":6},"end":{"line":87,"column":19}},"44":{"start":{"line":88,"column":6},"end":{"line":88,"column":21}},"45":{"start":{"line":89,"column":6},"end":{"line":89,"column":21}},"46":{"start":{"line":91,"column":6},"end":{"line":91,"column":42}},"47":{"start":{"line":92,"column":6},"end":{"line":94,"column":14}},"48":{"start":{"line":93,"column":8},"end":{"line":93,"column":29}},"49":{"start":{"line":99,"column":22},"end":{"line":101,"column":42}},"50":{"start":{"line":101,"column":27},"end":{"line":101,"column":41}},"51":{"start":{"line":103,"column":2},"end":{"line":142,"column":3}},"52":{"start":{"line":119,"column":30},"end":{"line":119,"column":55}},"53":{"start":{"line":121,"column":30},"end":{"line":121,"column":55}},"54":{"start":{"line":128,"column":31},"end":{"line":128,"column":51}},"55":{"start":{"line":134,"column":10},"end":{"line":138,"column":12}},"56":{"start":{"line":137,"column":36},"end":{"line":137,"column":63}}},"fnMap":{"0":{"name":"(anonymous_0)","decl":{"start":{"line":9,"column":12},"end":{"line":9,"column":13}},"loc":{"start":{"line":9,"column":18},"end":{"line":143,"column":1}},"line":9},"1":{"name":"(anonymous_1)","decl":{"start":{"line":19,"column":12},"end":{"line":19,"column":13}},"loc":{"start":{"line":19,"column":18},"end":{"line":25,"column":3}},"line":19},"2":{"name":"(anonymous_2)","decl":{"start":{"line":22,"column":12},"end":{"line":22,"column":13}},"loc":{"start":{"line":22,"column":28},"end":{"line":24,"column":7}},"line":22},"3":{"name":"(anonymous_3)","decl":{"start":{"line":27,"column":12},"end":{"line":27,"column":13}},"loc":{"start":{"line":27,"column":18},"end":{"line":34,"column":3}},"line":27},"4":{"name":"(anonymous_4)","decl":{"start":{"line":36,"column":23},"end":{"line":36,"column":24}},"loc":{"start":{"line":36,"column":29},"end":{"line":40,"column":3}},"line":36},"5":{"name":"(anonymous_5)","decl":{"start":{"line":42,"column":18},"end":{"line":42,"column":19}},"loc":{"start":{"line":42,"column":34},"end":{"line":50,"column":3}},"line":42},"6":{"name":"(anonymous_6)","decl":{"start":{"line":46,"column":12},"end":{"line":46,"column":13}},"loc":{"start":{"line":46,"column":42},"end":{"line":49,"column":7}},"line":46},"7":{"name":"(anonymous_7)","decl":{"start":{"line":48,"column":17},"end":{"line":48,"column":18}},"loc":{"start":{"line":48,"column":26},"end":{"line":48,"column":49}},"line":48},"8":{"name":"(anonymous_8)","decl":{"start":{"line":52,"column":29},"end":{"line":52,"column":30}},"loc":{"start":{"line":52,"column":37},"end":{"line":70,"column":3}},"line":52},"9":{"name":"(anonymous_9)","decl":{"start":{"line":53,"column":28},"end":{"line":53,"column":29}},"loc":{"start":{"line":53,"column":33},"end":{"line":53,"column":44}},"line":53},"10":{"name":"(anonymous_10)","decl":{"start":{"line":58,"column":12},"end":{"line":58,"column":13}},"loc":{"start":{"line":58,"column":42},"end":{"line":61,"column":7}},"line":58},"11":{"name":"(anonymous_11)","decl":{"start":{"line":60,"column":27},"end":{"line":60,"column":28}},"loc":{"start":{"line":60,"column":35},"end":{"line":60,"column":71}},"line":60},"12":{"name":"(anonymous_12)","decl":{"start":{"line":62,"column":13},"end":{"line":62,"column":14}},"loc":{"start":{"line":62,"column":22},"end":{"line":69,"column":7}},"line":62},"13":{"name":"(anonymous_13)","decl":{"start":{"line":66,"column":19},"end":{"line":66,"column":20}},"loc":{"start":{"line":66,"column":25},"end":{"line":68,"column":9}},"line":66},"14":{"name":"(anonymous_14)","decl":{"start":{"line":72,"column":22},"end":{"line":72,"column":23}},"loc":{"start":{"line":72,"column":39},"end":{"line":97,"column":3}},"line":72},"15":{"name":"(anonymous_15)","decl":{"start":{"line":92,"column":17},"end":{"line":92,"column":18}},"loc":{"start":{"line":92,"column":23},"end":{"line":94,"column":7}},"line":92},"16":{"name":"(anonymous_16)","decl":{"start":{"line":101,"column":19},"end":{"line":101,"column":20}},"loc":{"start":{"line":101,"column":27},"end":{"line":101,"column":41}},"line":101},"17":{"name":"(anonymous_17)","decl":{"start":{"line":119,"column":16},"end":{"line":119,"column":17}},"loc":{"start":{"line":119,"column":30},"end":{"line":119,"column":55}},"line":119},"18":{"name":"(anonymous_18)","decl":{"start":{"line":121,"column":16},"end":{"line":121,"column":17}},"loc":{"start":{"line":121,"column":30},"end":{"line":121,"column":55}},"line":121},"19":{"name":"(anonymous_19)","decl":{"start":{"line":128,"column":25},"end":{"line":128,"column":26}},"loc":{"start":{"line":128,"column":31},"end":{"line":128,"column":51}},"line":128},"20":{"name":"(anonymous_20)","decl":{"start":{"line":133,"column":26},"end":{"line":133,"column":27}},"loc":{"start":{"line":134,"column":10},"end":{"line":138,"column":12}},"line":134},"21":{"name":"(anonymous_21)","decl":{"start":{"line":137,"column":30},"end":{"line":137,"column":31}},"loc":{"start":{"line":137,"column":36},"end":{"line":137,"column":63}},"line":137}},"branchMap":{"0":{"loc":{"start":{"line":29,"column":4},"end":{"line":33,"column":5}},"type":"if","locations":[{"start":{"line":29,"column":4},"end":{"line":33,"column":5}},{"start":{"line":29,"column":4},"end":{"line":33,"column":5}}],"line":29},"1":{"loc":{"start":{"line":60,"column":35},"end":{"line":60,"column":71}},"type":"cond-expr","locations":[{"start":{"line":60,"column":52},"end":{"line":60,"column":56}},{"start":{"line":60,"column":59},"end":{"line":60,"column":71}}],"line":60},"2":{"loc":{"start":{"line":99,"column":22},"end":{"line":101,"column":42}},"type":"cond-expr","locations":[{"start":{"line":100,"column":6},"end":{"line":100,"column":11}},{"start":{"line":101,"column":6},"end":{"line":101,"column":42}}],"line":99},"3":{"loc":{"start":{"line":110,"column":8},"end":{"line":124,"column":14}},"type":"cond-expr","locations":[{"start":{"line":111,"column":12},"end":{"line":114,"column":14}},{"start":{"line":115,"column":12},"end":{"line":124,"column":14}}],"line":110},"4":{"loc":{"start":{"line":129,"column":16},"end":{"line":129,"column":45}},"type":"cond-expr","locations":[{"start":{"line":129,"column":26},"end":{"line":129,"column":37}},{"start":{"line":129,"column":40},"end":{"line":129,"column":45}}],"line":129}},"s":{"0":0,"1":0,"2":0,"3":0,"4":0,"5":0,"6":0,"7":0,"8":0,"9":0,"10":0,"11":0,"12":0,"13":0,"14":0,"15":0,"16":0,"17":0,"18":0,"19":0,"20":0,"21":0,"22":0,"23":0,"24":0,"25":0,"26":0,"27":0,"28":0,"29":0,"30":0,"31":0,"32":0,"33":0,"34":0,"35":0,"36":0,"37":0,"38":0,"39":0,"40":0,"41":0,"42":0,"43":0,"44":0,"45":0,"46":0,"47":0,"48":0,"49":0,"50":0,"51":0,"52":0,"53":0,"54":0,"55":0,"56":0},"f":{"0":0,"1":0,"2":0,"3":0,"4":0,"5":0,"6":0,"7":0,"8":0,"9":0,"10":0,"11":0,"12":0,"13":0,"14":0,"15":0,"16":0,"17":0,"18":0,"19":0,"20":0,"21":0},"b":{"0":[0,0],"1":[0,0],"2":[0,0],"3":[0,0],"4":[0,0]},"hash":"acabf555ccb634be568b1d6880306eba8a3d2f59"}
,"D:\\DOCUMENTOSHDD\\full-stack\\Cursos\\React - midudev\\notes-app-full-stack-bootcamp\\src\\components\\NoteForm.js": {"path":"D:\\DOCUMENTOSHDD\\full-stack\\Cursos\\React - midudev\\notes-app-full-stack-bootcamp\\src\\components\\NoteForm.js","statementMap":{"0":{"start":{"line":5,"column":32},"end":{"line":5,"column":44}},"1":{"start":{"line":6,"column":23},"end":{"line":6,"column":31}},"2":{"start":{"line":8,"column":23},"end":{"line":10,"column":3}},"3":{"start":{"line":9,"column":4},"end":{"line":9,"column":34}},"4":{"start":{"line":12,"column":23},"end":{"line":24,"column":3}},"5":{"start":{"line":13,"column":4},"end":{"line":13,"column":26}},"6":{"start":{"line":15,"column":23},"end":{"line":19,"column":5}},"7":{"start":{"line":21,"column":4},"end":{"line":21,"column":23}},"8":{"start":{"line":22,"column":4},"end":{"line":22,"column":18}},"9":{"start":{"line":23,"column":4},"end":{"line":23,"column":43}},"10":{"start":{"line":26,"column":2},"end":{"line":44,"column":3}}},"fnMap":{"0":{"name":"NoteForm","decl":{"start":{"line":4,"column":24},"end":{"line":4,"column":32}},"loc":{"start":{"line":4,"column":59},"end":{"line":45,"column":1}},"line":4},"1":{"name":"(anonymous_1)","decl":{"start":{"line":8,"column":23},"end":{"line":8,"column":24}},"loc":{"start":{"line":8,"column":34},"end":{"line":10,"column":3}},"line":8},"2":{"name":"(anonymous_2)","decl":{"start":{"line":12,"column":23},"end":{"line":12,"column":24}},"loc":{"start":{"line":12,"column":34},"end":{"line":24,"column":3}},"line":12}},"branchMap":{},"s":{"0":0,"1":0,"2":0,"3":0,"4":0,"5":0,"6":0,"7":0,"8":0,"9":0,"10":0},"f":{"0":0,"1":0,"2":0},"b":{},"hash":"9f794ca2e654f36e504cf6b077e781e096692380"}
,"D:\\DOCUMENTOSHDD\\full-stack\\Cursos\\React - midudev\\notes-app-full-stack-bootcamp\\src\\services\\login.js": {"path":"D:\\DOCUMENTOSHDD\\full-stack\\Cursos\\React - midudev\\notes-app-full-stack-bootcamp\\src\\services\\login.js","statementMap":{"0":{"start":{"line":3,"column":16},"end":{"line":3,"column":54}},"1":{"start":{"line":5,"column":14},"end":{"line":8,"column":1}},"2":{"start":{"line":6,"column":19},"end":{"line":6,"column":57}},"3":{"start":{"line":7,"column":2},"end":{"line":7,"column":13}}},"fnMap":{"0":{"name":"(anonymous_0)","decl":{"start":{"line":5,"column":14},"end":{"line":5,"column":15}},"loc":{"start":{"line":5,"column":35},"end":{"line":8,"column":1}},"line":5}},"branchMap":{},"s":{"0":0,"1":0,"2":0,"3":0},"f":{"0":0},"b":{},"hash":"e88300ddf946f1f97338fff6a32b07915caaac5d"}
,"D:\\DOCUMENTOSHDD\\full-stack\\Cursos\\React - midudev\\notes-app-full-stack-bootcamp\\src\\services\\notes.js": {"path":"D:\\DOCUMENTOSHDD\\full-stack\\Cursos\\React - midudev\\notes-app-full-stack-bootcamp\\src\\services\\notes.js","statementMap":{"0":{"start":{"line":2,"column":16},"end":{"line":2,"column":49}},"1":{"start":{"line":4,"column":12},"end":{"line":4,"column":16}},"2":{"start":{"line":6,"column":17},"end":{"line":8,"column":1}},"3":{"start":{"line":7,"column":2},"end":{"line":7,"column":30}},"4":{"start":{"line":10,"column":15},"end":{"line":20,"column":1}},"5":{"start":{"line":11,"column":15},"end":{"line":16,"column":3}},"6":{"start":{"line":17,"column":2},"end":{"line":17,"column":22}},"7":{"start":{"line":18,"column":18},"end":{"line":18,"column":44}},"8":{"start":{"line":19,"column":2},"end":{"line":19,"column":49}},"9":{"start":{"line":19,"column":34},"end":{"line":19,"column":47}},"10":{"start":{"line":22,"column":15},"end":{"line":31,"column":1}},"11":{"start":{"line":23,"column":17},"end":{"line":27,"column":3}},"12":{"start":{"line":29,"column":18},"end":{"line":29,"column":56}},"13":{"start":{"line":30,"column":2},"end":{"line":30,"column":49}},"14":{"start":{"line":30,"column":34},"end":{"line":30,"column":47}},"15":{"start":{"line":33,"column":15},"end":{"line":42,"column":1}},"16":{"start":{"line":34,"column":17},"end":{"line":38,"column":3}},"17":{"start":{"line":40,"column":18},"end":{"line":40,"column":66}},"18":{"start":{"line":41,"column":2},"end":{"line":41,"column":48}},"19":{"start":{"line":41,"column":34},"end":{"line":41,"column":47}}},"fnMap":{"0":{"name":"(anonymous_0)","decl":{"start":{"line":6,"column":17},"end":{"line":6,"column":18}},"loc":{"start":{"line":6,"column":29},"end":{"line":8,"column":1}},"line":6},"1":{"name":"(anonymous_1)","decl":{"start":{"line":10,"column":15},"end":{"line":10,"column":16}},"loc":{"start":{"line":10,"column":21},"end":{"line":20,"column":1}},"line":10},"2":{"name":"(anonymous_2)","decl":{"start":{"line":19,"column":22},"end":{"line":19,"column":23}},"loc":{"start":{"line":19,"column":34},"end":{"line":19,"column":47}},"line":19},"3":{"name":"(anonymous_3)","decl":{"start":{"line":22,"column":15},"end":{"line":22,"column":16}},"loc":{"start":{"line":22,"column":30},"end":{"line":31,"column":1}},"line":22},"4":{"name":"(anonymous_4)","decl":{"start":{"line":30,"column":22},"end":{"line":30,"column":23}},"loc":{"start":{"line":30,"column":34},"end":{"line":30,"column":47}},"line":30},"5":{"name":"(anonymous_5)","decl":{"start":{"line":33,"column":15},"end":{"line":33,"column":16}},"loc":{"start":{"line":33,"column":34},"end":{"line":42,"column":1}},"line":33},"6":{"name":"(anonymous_6)","decl":{"start":{"line":41,"column":22},"end":{"line":41,"column":23}},"loc":{"start":{"line":41,"column":34},"end":{"line":41,"column":47}},"line":41}},"branchMap":{"0":{"loc":{"start":{"line":13,"column":23},"end":{"line":14,"column":109}},"type":"cond-expr","locations":[{"start":{"line":13,"column":31},"end":{"line":13,"column":36}},{"start":{"line":14,"column":31},"end":{"line":14,"column":109}}],"line":13},"1":{"loc":{"start":{"line":14,"column":31},"end":{"line":14,"column":109}},"type":"binary-expr","locations":[{"start":{"line":14,"column":31},"end":{"line":14,"column":103}},{"start":{"line":14,"column":107},"end":{"line":14,"column":109}}],"line":14}},"s":{"0":0,"1":0,"2":0,"3":0,"4":0,"5":0,"6":0,"7":0,"8":0,"9":0,"10":0,"11":0,"12":0,"13":0,"14":0,"15":0,"16":0,"17":0,"18":0,"19":0},"f":{"0":0,"1":0,"2":0,"3":0,"4":0,"5":0,"6":0},"b":{"0":[0,0],"1":[0,0]},"hash":"0cce1e89e4b2c3f4a1e5e26ccb6b74910add0280"}
}
